INFO: [VRFC 10-2263] Analyzing Verilog file "D:/vivado_projects/exp4/exp4.srcs/sources_1/new/divider.v" into library xil_defaultlib
INFO: [VRFC 10-311] analyzing module full_adder
INFO: [VRFC 10-2458] undeclared symbol xor1_output, assumed default net type wire [D:/vivado_projects/exp4/exp4.srcs/sources_1/new/divider.v:25]
INFO: [VRFC 10-2458] undeclared symbol and1_output, assumed default net type wire [D:/vivado_projects/exp4/exp4.srcs/sources_1/new/divider.v:28]
INFO: [VRFC 10-2458] undeclared symbol and2_output, assumed default net type wire [D:/vivado_projects/exp4/exp4.srcs/sources_1/new/divider.v:29]
INFO: [VRFC 10-311] analyzing module conv
INFO: [VRFC 10-2458] undeclared symbol not1_output, assumed default net type wire [D:/vivado_projects/exp4/exp4.srcs/sources_1/new/divider.v:37]
INFO: [VRFC 10-2458] undeclared symbol not2_output, assumed default net type wire [D:/vivado_projects/exp4/exp4.srcs/sources_1/new/divider.v:38]
INFO: [VRFC 10-2458] undeclared symbol not3_output, assumed default net type wire [D:/vivado_projects/exp4/exp4.srcs/sources_1/new/divider.v:39]
INFO: [VRFC 10-2458] undeclared symbol not4_output, assumed default net type wire [D:/vivado_projects/exp4/exp4.srcs/sources_1/new/divider.v:40]
INFO: [VRFC 10-2458] undeclared symbol not5_output, assumed default net type wire [D:/vivado_projects/exp4/exp4.srcs/sources_1/new/divider.v:41]
INFO: [VRFC 10-2458] undeclared symbol not6_output, assumed default net type wire [D:/vivado_projects/exp4/exp4.srcs/sources_1/new/divider.v:42]
INFO: [VRFC 10-2458] undeclared symbol not7_output, assumed default net type wire [D:/vivado_projects/exp4/exp4.srcs/sources_1/new/divider.v:43]
INFO: [VRFC 10-2458] undeclared symbol not8_output, assumed default net type wire [D:/vivado_projects/exp4/exp4.srcs/sources_1/new/divider.v:44]
INFO: [VRFC 10-2458] undeclared symbol carry1, assumed default net type wire [D:/vivado_projects/exp4/exp4.srcs/sources_1/new/divider.v:46]
INFO: [VRFC 10-2458] undeclared symbol carry2, assumed default net type wire [D:/vivado_projects/exp4/exp4.srcs/sources_1/new/divider.v:47]
INFO: [VRFC 10-2458] undeclared symbol carry3, assumed default net type wire [D:/vivado_projects/exp4/exp4.srcs/sources_1/new/divider.v:48]
INFO: [VRFC 10-2458] undeclared symbol carry4, assumed default net type wire [D:/vivado_projects/exp4/exp4.srcs/sources_1/new/divider.v:49]
INFO: [VRFC 10-2458] undeclared symbol carry5, assumed default net type wire [D:/vivado_projects/exp4/exp4.srcs/sources_1/new/divider.v:50]
INFO: [VRFC 10-2458] undeclared symbol carry6, assumed default net type wire [D:/vivado_projects/exp4/exp4.srcs/sources_1/new/divider.v:51]
INFO: [VRFC 10-2458] undeclared symbol carry7, assumed default net type wire [D:/vivado_projects/exp4/exp4.srcs/sources_1/new/divider.v:52]
INFO: [VRFC 10-2458] undeclared symbol carry8, assumed default net type wire [D:/vivado_projects/exp4/exp4.srcs/sources_1/new/divider.v:53]
INFO: [VRFC 10-311] analyzing module subtractor
INFO: [VRFC 10-2458] undeclared symbol not1_output, assumed default net type wire [D:/vivado_projects/exp4/exp4.srcs/sources_1/new/divider.v:60]
INFO: [VRFC 10-2458] undeclared symbol not2_output, assumed default net type wire [D:/vivado_projects/exp4/exp4.srcs/sources_1/new/divider.v:61]
INFO: [VRFC 10-2458] undeclared symbol not3_output, assumed default net type wire [D:/vivado_projects/exp4/exp4.srcs/sources_1/new/divider.v:62]
INFO: [VRFC 10-2458] undeclared symbol not4_output, assumed default net type wire [D:/vivado_projects/exp4/exp4.srcs/sources_1/new/divider.v:63]
INFO: [VRFC 10-2458] undeclared symbol not5_output, assumed default net type wire [D:/vivado_projects/exp4/exp4.srcs/sources_1/new/divider.v:64]
INFO: [VRFC 10-2458] undeclared symbol not6_output, assumed default net type wire [D:/vivado_projects/exp4/exp4.srcs/sources_1/new/divider.v:65]
INFO: [VRFC 10-2458] undeclared symbol not7_output, assumed default net type wire [D:/vivado_projects/exp4/exp4.srcs/sources_1/new/divider.v:66]
INFO: [VRFC 10-2458] undeclared symbol not8_output, assumed default net type wire [D:/vivado_projects/exp4/exp4.srcs/sources_1/new/divider.v:67]
INFO: [VRFC 10-2458] undeclared symbol not9_output, assumed default net type wire [D:/vivado_projects/exp4/exp4.srcs/sources_1/new/divider.v:68]
INFO: [VRFC 10-2458] undeclared symbol not10_output, assumed default net type wire [D:/vivado_projects/exp4/exp4.srcs/sources_1/new/divider.v:69]
INFO: [VRFC 10-2458] undeclared symbol not11_output, assumed default net type wire [D:/vivado_projects/exp4/exp4.srcs/sources_1/new/divider.v:70]
INFO: [VRFC 10-2458] undeclared symbol not12_output, assumed default net type wire [D:/vivado_projects/exp4/exp4.srcs/sources_1/new/divider.v:71]
INFO: [VRFC 10-2458] undeclared symbol not13_output, assumed default net type wire [D:/vivado_projects/exp4/exp4.srcs/sources_1/new/divider.v:72]
INFO: [VRFC 10-2458] undeclared symbol not14_output, assumed default net type wire [D:/vivado_projects/exp4/exp4.srcs/sources_1/new/divider.v:73]
INFO: [VRFC 10-2458] undeclared symbol not15_output, assumed default net type wire [D:/vivado_projects/exp4/exp4.srcs/sources_1/new/divider.v:74]
INFO: [VRFC 10-2458] undeclared symbol carry1, assumed default net type wire [D:/vivado_projects/exp4/exp4.srcs/sources_1/new/divider.v:77]
INFO: [VRFC 10-2458] undeclared symbol carry2, assumed default net type wire [D:/vivado_projects/exp4/exp4.srcs/sources_1/new/divider.v:78]
INFO: [VRFC 10-2458] undeclared symbol carry3, assumed default net type wire [D:/vivado_projects/exp4/exp4.srcs/sources_1/new/divider.v:79]
INFO: [VRFC 10-2458] undeclared symbol carry4, assumed default net type wire [D:/vivado_projects/exp4/exp4.srcs/sources_1/new/divider.v:80]
INFO: [VRFC 10-2458] undeclared symbol carry5, assumed default net type wire [D:/vivado_projects/exp4/exp4.srcs/sources_1/new/divider.v:81]
INFO: [VRFC 10-2458] undeclared symbol carry6, assumed default net type wire [D:/vivado_projects/exp4/exp4.srcs/sources_1/new/divider.v:82]
INFO: [VRFC 10-2458] undeclared symbol carry7, assumed default net type wire [D:/vivado_projects/exp4/exp4.srcs/sources_1/new/divider.v:83]
INFO: [VRFC 10-2458] undeclared symbol carry8, assumed default net type wire [D:/vivado_projects/exp4/exp4.srcs/sources_1/new/divider.v:84]
INFO: [VRFC 10-2458] undeclared symbol carry9, assumed default net type wire [D:/vivado_projects/exp4/exp4.srcs/sources_1/new/divider.v:85]
INFO: [VRFC 10-2458] undeclared symbol carry10, assumed default net type wire [D:/vivado_projects/exp4/exp4.srcs/sources_1/new/divider.v:86]
INFO: [VRFC 10-2458] undeclared symbol carry11, assumed default net type wire [D:/vivado_projects/exp4/exp4.srcs/sources_1/new/divider.v:87]
INFO: [VRFC 10-2458] undeclared symbol carry12, assumed default net type wire [D:/vivado_projects/exp4/exp4.srcs/sources_1/new/divider.v:88]
INFO: [VRFC 10-2458] undeclared symbol carry13, assumed default net type wire [D:/vivado_projects/exp4/exp4.srcs/sources_1/new/divider.v:89]
INFO: [VRFC 10-2458] undeclared symbol carry14, assumed default net type wire [D:/vivado_projects/exp4/exp4.srcs/sources_1/new/divider.v:90]
INFO: [VRFC 10-2458] undeclared symbol carry15, assumed default net type wire [D:/vivado_projects/exp4/exp4.srcs/sources_1/new/divider.v:91]
INFO: [VRFC 10-311] analyzing module subtractor8
INFO: [VRFC 10-2458] undeclared symbol not1_output, assumed default net type wire [D:/vivado_projects/exp4/exp4.srcs/sources_1/new/divider.v:98]
INFO: [VRFC 10-2458] undeclared symbol not2_output, assumed default net type wire [D:/vivado_projects/exp4/exp4.srcs/sources_1/new/divider.v:99]
INFO: [VRFC 10-2458] undeclared symbol not3_output, assumed default net type wire [D:/vivado_projects/exp4/exp4.srcs/sources_1/new/divider.v:100]
INFO: [VRFC 10-2458] undeclared symbol not4_output, assumed default net type wire [D:/vivado_projects/exp4/exp4.srcs/sources_1/new/divider.v:101]
INFO: [VRFC 10-2458] undeclared symbol not5_output, assumed default net type wire [D:/vivado_projects/exp4/exp4.srcs/sources_1/new/divider.v:102]
INFO: [VRFC 10-2458] undeclared symbol not6_output, assumed default net type wire [D:/vivado_projects/exp4/exp4.srcs/sources_1/new/divider.v:103]
INFO: [VRFC 10-2458] undeclared symbol not7_output, assumed default net type wire [D:/vivado_projects/exp4/exp4.srcs/sources_1/new/divider.v:104]
INFO: [VRFC 10-2458] undeclared symbol not8_output, assumed default net type wire [D:/vivado_projects/exp4/exp4.srcs/sources_1/new/divider.v:105]
INFO: [VRFC 10-2458] undeclared symbol carry1, assumed default net type wire [D:/vivado_projects/exp4/exp4.srcs/sources_1/new/divider.v:108]
INFO: [VRFC 10-2458] undeclared symbol carry2, assumed default net type wire [D:/vivado_projects/exp4/exp4.srcs/sources_1/new/divider.v:109]
INFO: [VRFC 10-2458] undeclared symbol carry3, assumed default net type wire [D:/vivado_projects/exp4/exp4.srcs/sources_1/new/divider.v:110]
INFO: [VRFC 10-2458] undeclared symbol carry4, assumed default net type wire [D:/vivado_projects/exp4/exp4.srcs/sources_1/new/divider.v:111]
INFO: [VRFC 10-2458] undeclared symbol carry5, assumed default net type wire [D:/vivado_projects/exp4/exp4.srcs/sources_1/new/divider.v:112]
INFO: [VRFC 10-2458] undeclared symbol carry6, assumed default net type wire [D:/vivado_projects/exp4/exp4.srcs/sources_1/new/divider.v:113]
INFO: [VRFC 10-2458] undeclared symbol carry7, assumed default net type wire [D:/vivado_projects/exp4/exp4.srcs/sources_1/new/divider.v:114]
INFO: [VRFC 10-2458] undeclared symbol carry8, assumed default net type wire [D:/vivado_projects/exp4/exp4.srcs/sources_1/new/divider.v:115]
INFO: [VRFC 10-311] analyzing module lsf
INFO: [VRFC 10-311] analyzing module rsf
INFO: [VRFC 10-311] analyzing module abs
INFO: [VRFC 10-2458] undeclared symbol notC, assumed default net type wire [D:/vivado_projects/exp4/exp4.srcs/sources_1/new/divider.v:137]
INFO: [VRFC 10-2458] undeclared symbol and1_output, assumed default net type wire [D:/vivado_projects/exp4/exp4.srcs/sources_1/new/divider.v:139]
INFO: [VRFC 10-2458] undeclared symbol and2_output, assumed default net type wire [D:/vivado_projects/exp4/exp4.srcs/sources_1/new/divider.v:140]
INFO: [VRFC 10-2458] undeclared symbol and3_output, assumed default net type wire [D:/vivado_projects/exp4/exp4.srcs/sources_1/new/divider.v:141]
INFO: [VRFC 10-2458] undeclared symbol and4_output, assumed default net type wire [D:/vivado_projects/exp4/exp4.srcs/sources_1/new/divider.v:142]
INFO: [VRFC 10-2458] undeclared symbol and5_output, assumed default net type wire [D:/vivado_projects/exp4/exp4.srcs/sources_1/new/divider.v:143]
INFO: [VRFC 10-2458] undeclared symbol and6_output, assumed default net type wire [D:/vivado_projects/exp4/exp4.srcs/sources_1/new/divider.v:144]
INFO: [VRFC 10-2458] undeclared symbol and7_output, assumed default net type wire [D:/vivado_projects/exp4/exp4.srcs/sources_1/new/divider.v:145]
INFO: [VRFC 10-2458] undeclared symbol and9_output, assumed default net type wire [D:/vivado_projects/exp4/exp4.srcs/sources_1/new/divider.v:146]
INFO: [VRFC 10-2458] undeclared symbol and10_output, assumed default net type wire [D:/vivado_projects/exp4/exp4.srcs/sources_1/new/divider.v:147]
INFO: [VRFC 10-2458] undeclared symbol and11_output, assumed default net type wire [D:/vivado_projects/exp4/exp4.srcs/sources_1/new/divider.v:148]
INFO: [VRFC 10-2458] undeclared symbol and12_output, assumed default net type wire [D:/vivado_projects/exp4/exp4.srcs/sources_1/new/divider.v:149]
INFO: [VRFC 10-2458] undeclared symbol and13_output, assumed default net type wire [D:/vivado_projects/exp4/exp4.srcs/sources_1/new/divider.v:150]
INFO: [VRFC 10-2458] undeclared symbol and14_output, assumed default net type wire [D:/vivado_projects/exp4/exp4.srcs/sources_1/new/divider.v:151]
INFO: [VRFC 10-2458] undeclared symbol and15_output, assumed default net type wire [D:/vivado_projects/exp4/exp4.srcs/sources_1/new/divider.v:152]
INFO: [VRFC 10-311] analyzing module attempt
INFO: [VRFC 10-2458] undeclared symbol notC, assumed default net type wire [D:/vivado_projects/exp4/exp4.srcs/sources_1/new/divider.v:173]
INFO: [VRFC 10-2458] undeclared symbol and1_output, assumed default net type wire [D:/vivado_projects/exp4/exp4.srcs/sources_1/new/divider.v:175]
INFO: [VRFC 10-2458] undeclared symbol and2_output, assumed default net type wire [D:/vivado_projects/exp4/exp4.srcs/sources_1/new/divider.v:176]
INFO: [VRFC 10-2458] undeclared symbol and3_output, assumed default net type wire [D:/vivado_projects/exp4/exp4.srcs/sources_1/new/divider.v:177]
INFO: [VRFC 10-2458] undeclared symbol and4_output, assumed default net type wire [D:/vivado_projects/exp4/exp4.srcs/sources_1/new/divider.v:178]
INFO: [VRFC 10-2458] undeclared symbol and5_output, assumed default net type wire [D:/vivado_projects/exp4/exp4.srcs/sources_1/new/divider.v:179]
INFO: [VRFC 10-2458] undeclared symbol and6_output, assumed default net type wire [D:/vivado_projects/exp4/exp4.srcs/sources_1/new/divider.v:180]
INFO: [VRFC 10-2458] undeclared symbol and7_output, assumed default net type wire [D:/vivado_projects/exp4/exp4.srcs/sources_1/new/divider.v:181]
INFO: [VRFC 10-2458] undeclared symbol and8_output, assumed default net type wire [D:/vivado_projects/exp4/exp4.srcs/sources_1/new/divider.v:182]
INFO: [VRFC 10-2458] undeclared symbol and9_output, assumed default net type wire [D:/vivado_projects/exp4/exp4.srcs/sources_1/new/divider.v:183]
INFO: [VRFC 10-2458] undeclared symbol and10_output, assumed default net type wire [D:/vivado_projects/exp4/exp4.srcs/sources_1/new/divider.v:184]
INFO: [VRFC 10-2458] undeclared symbol and11_output, assumed default net type wire [D:/vivado_projects/exp4/exp4.srcs/sources_1/new/divider.v:185]
INFO: [VRFC 10-2458] undeclared symbol and12_output, assumed default net type wire [D:/vivado_projects/exp4/exp4.srcs/sources_1/new/divider.v:186]
INFO: [VRFC 10-2458] undeclared symbol and13_output, assumed default net type wire [D:/vivado_projects/exp4/exp4.srcs/sources_1/new/divider.v:187]
INFO: [VRFC 10-2458] undeclared symbol and14_output, assumed default net type wire [D:/vivado_projects/exp4/exp4.srcs/sources_1/new/divider.v:188]
INFO: [VRFC 10-2458] undeclared symbol and15_output, assumed default net type wire [D:/vivado_projects/exp4/exp4.srcs/sources_1/new/divider.v:189]
INFO: [VRFC 10-2458] undeclared symbol and16_output, assumed default net type wire [D:/vivado_projects/exp4/exp4.srcs/sources_1/new/divider.v:190]
INFO: [VRFC 10-2458] undeclared symbol and17_output, assumed default net type wire [D:/vivado_projects/exp4/exp4.srcs/sources_1/new/divider.v:191]
INFO: [VRFC 10-2458] undeclared symbol and18_output, assumed default net type wire [D:/vivado_projects/exp4/exp4.srcs/sources_1/new/divider.v:192]
INFO: [VRFC 10-2458] undeclared symbol and19_output, assumed default net type wire [D:/vivado_projects/exp4/exp4.srcs/sources_1/new/divider.v:193]
INFO: [Common 17-14] Message 'VRFC 10-2458' appears 100 times and further instances of the messages will be disabled. Use the Tcl command set_msg_config to change the current settings.
INFO: [VRFC 10-311] analyzing module cmp
INFO: [VRFC 10-311] analyzing module al
INFO: [VRFC 10-311] analyzing module ah
INFO: [VRFC 10-311] analyzing module sign7
INFO: [VRFC 10-311] analyzing module sign14
INFO: [VRFC 10-311] analyzing module signQ
INFO: [VRFC 10-311] analyzing module signR
INFO: [VRFC 10-311] analyzing module divider
INFO: [VRFC 10-2263] Analyzing Verilog file "D:/vivado_projects/exp4/exp4.srcs/sim_1/new/divider_tb.v" into library xil_defaultlib
INFO: [VRFC 10-311] analyzing module divider_tb
